2024-12-17 20:47:04,032 - pyswarms.single.global_best - INFO - Optimize for 30 iters with {'c1': 2, 'c2': 2, 'w': 0.7}
2024-12-17 20:51:43,674 - pyswarms.single.global_best - INFO - Optimize for 30 iters with {'c1': 2, 'c2': 2, 'w': 0.7}
2024-12-17 21:15:26,139 - pyswarms.single.global_best - INFO - Optimization finished | best cost: 0.06694542793749714, best pos: [  0.70006027  -0.13648103   1.33884703   3.00209164   0.97553621
   0.89379049   2.22842081   1.5573179   -0.96252939   0.4855225
   1.22922259  -0.12891257  -0.15317698   0.4032142   -1.73107982
  -0.52719286  -1.3493626   -2.59118107   3.23872839  -2.0334827
   0.18764031   1.8462942    1.26010705   0.40332339   3.3282914
   5.42183689   3.71720655   1.22439435   0.98885484   3.03123421
  -0.7528585   -0.07031947   1.3539102   -0.22089146   4.29503734
   1.00321362   2.15941313   1.15812557   3.24208356  -1.21753031
  23.02888723   0.52646219   2.03678426   0.91963945   0.93117825
   1.21299914   2.18389583   1.34296082   0.87336013  -1.20947634
   1.02155152   0.95796472   0.98754627   0.85446822 -47.94470366
   0.35355521]
2024-12-18 01:50:53,456 - pyswarms.single.global_best - INFO - Optimize for 30 iters with {'c1': 2, 'c2': 2, 'w': 0.7}
2024-12-18 01:56:53,669 - pyswarms.single.global_best - INFO - Optimize for 30 iters with {'c1': 2, 'c2': 2, 'w': 0.7}
2024-12-18 02:09:36,457 - pyswarms.single.global_best - INFO - Optimization finished | best cost: 0.06672732851815133, best pos: [ 3.79443179  0.70599021 -0.35070057  2.09887213  2.3521971   0.77631879
  1.14069011  3.00844124 -3.75570261  0.55776348 -2.07910152  3.45168256
  0.20110613  1.23569296  1.86505562  1.33065833  1.78041746  0.26414059
  2.10874534 -0.34248933 -0.77472709  1.63534359  2.0055626   1.5674201
  1.44901185  1.0654051   0.54722696 -0.96017551  2.18247088  1.53645405
  3.15716899  0.68491289  1.36432747  0.70387545  0.63340453  0.16081294
  1.87713315  1.56261688  1.08435295  1.76361496 -0.21620671  0.92349383
  1.30027429  2.00373919  2.18097814  7.45074902  2.02775475 -0.41411245
  0.40090276  1.11627553  0.91778165  3.15531005  0.58537743  0.87268525
  4.9245731   1.05607552  0.49267822]
